<?xml version="1.0" encoding="UTF-8"?>
<!-- Generated by org.testng.reporters.JUnitReportReporter -->
<testsuite hostname="DESKTOP-9NL11TP" failures="0" tests="1" name="pages.Home" time="1.112" errors="0" timestamp="2022-01-08T18:08:55 AEDT" skipped="0">
  <testcase classname="pages.Home" name="verifyData1" time="1.112"/>
  <system-out/>
</testsuite> <!-- pages.Home -->
